2018-06-07 13:16:14.294  INFO 13144 --- [restartedMain] c.e.MicroserviceEcmsRabbitMqApplication  : No active profile set, falling back to default profiles: default
2018-06-07 13:16:14.309  INFO 13144 --- [restartedMain] ationConfigEmbeddedWebApplicationContext : Refreshing org.springframework.boot.context.embedded.AnnotationConfigEmbeddedWebApplicationContext@1b44226a: startup date [Thu Jun 07 13:16:14 IST 2018]; parent: org.springframework.context.annotation.AnnotationConfigApplicationContext@a448242
2018-06-07 13:16:14.993  INFO 13144 --- [restartedMain] o.s.i.config.IntegrationRegistrar        : No bean named 'integrationHeaderChannelRegistry' has been explicitly defined. Therefore, a default DefaultHeaderChannelRegistry will be created.
2018-06-07 13:16:15.060  WARN 13144 --- [restartedMain] o.s.c.a.ConfigurationClassPostProcessor  : Cannot enhance @Configuration bean definition 'refreshScope' since its singleton instance has been created too early. The typical cause is a non-static @Bean method with a BeanDefinitionRegistryPostProcessor return type: Consider declaring such methods as 'static'.
2018-06-07 13:16:15.119  INFO 13144 --- [restartedMain] o.s.cloud.context.scope.GenericScope     : BeanFactory id=9bbe5d23-456b-3807-8619-0224c49f923d
2018-06-07 13:16:15.119  INFO 13144 --- [restartedMain] faultConfiguringBeanFactoryPostProcessor : No bean named 'errorChannel' has been explicitly defined. Therefore, a default PublishSubscribeChannel will be created.
2018-06-07 13:16:15.135  INFO 13144 --- [restartedMain] faultConfiguringBeanFactoryPostProcessor : No bean named 'taskScheduler' has been explicitly defined. Therefore, a default ThreadPoolTaskScheduler will be created.
2018-06-07 13:16:15.135  INFO 13144 --- [restartedMain] f.a.AutowiredAnnotationBeanPostProcessor : JSR-330 'javax.inject.Inject' annotation found and supported for autowiring
2018-06-07 13:16:15.135  INFO 13144 --- [restartedMain] trationDelegate$BeanPostProcessorChecker : Bean 'org.springframework.amqp.rabbit.annotation.RabbitBootstrapConfiguration' of type [org.springframework.amqp.rabbit.annotation.RabbitBootstrapConfiguration$$EnhancerBySpringCGLIB$$80b14c19] is not eligible for getting processed by all BeanPostProcessors (for example: not eligible for auto-proxying)
2018-06-07 13:16:15.241  INFO 13144 --- [restartedMain] trationDelegate$BeanPostProcessorChecker : Bean 'integrationGlobalProperties' of type [org.springframework.beans.factory.config.PropertiesFactoryBean] is not eligible for getting processed by all BeanPostProcessors (for example: not eligible for auto-proxying)
2018-06-07 13:16:15.241  INFO 13144 --- [restartedMain] trationDelegate$BeanPostProcessorChecker : Bean 'integrationGlobalProperties' of type [java.util.Properties] is not eligible for getting processed by all BeanPostProcessors (for example: not eligible for auto-proxying)
2018-06-07 13:16:15.257  INFO 13144 --- [restartedMain] trationDelegate$BeanPostProcessorChecker : Bean 'org.springframework.cloud.autoconfigure.ConfigurationPropertiesRebinderAutoConfiguration' of type [org.springframework.cloud.autoconfigure.ConfigurationPropertiesRebinderAutoConfiguration$$EnhancerBySpringCGLIB$$d65f90e8] is not eligible for getting processed by all BeanPostProcessors (for example: not eligible for auto-proxying)
2018-06-07 13:16:15.877  INFO 13144 --- [restartedMain] s.b.c.e.t.TomcatEmbeddedServletContainer : Tomcat initialized with port(s): 8080 (http)
2018-06-07 13:16:15.893  INFO 13144 --- [restartedMain] o.apache.catalina.core.StandardService   : Starting service Tomcat
2018-06-07 13:16:15.893  INFO 13144 --- [restartedMain] org.apache.catalina.core.StandardEngine  : Starting Servlet Engine: Apache Tomcat/8.5.11
2018-06-07 13:16:16.155  INFO 13144 --- [localhost-startStop-1] o.a.c.c.C.[Tomcat].[localhost].[/]       : Initializing Spring embedded WebApplicationContext
2018-06-07 13:16:16.166  INFO 13144 --- [localhost-startStop-1] o.s.web.context.ContextLoader            : Root WebApplicationContext: initialization completed in 1857 ms
2018-06-07 13:16:16.338  INFO 13144 --- [localhost-startStop-1] o.s.b.w.servlet.ServletRegistrationBean  : Mapping servlet: 'dispatcherServlet' to [/]
2018-06-07 13:16:16.338  INFO 13144 --- [localhost-startStop-1] o.s.b.w.servlet.FilterRegistrationBean   : Mapping filter: 'characterEncodingFilter' to: [/*]
2018-06-07 13:16:16.338  INFO 13144 --- [localhost-startStop-1] o.s.b.w.servlet.FilterRegistrationBean   : Mapping filter: 'hiddenHttpMethodFilter' to: [/*]
2018-06-07 13:16:16.338  INFO 13144 --- [localhost-startStop-1] o.s.b.w.servlet.FilterRegistrationBean   : Mapping filter: 'httpPutFormContentFilter' to: [/*]
2018-06-07 13:16:16.338  INFO 13144 --- [localhost-startStop-1] o.s.b.w.servlet.FilterRegistrationBean   : Mapping filter: 'requestContextFilter' to: [/*]
2018-06-07 13:16:16.697  INFO 13144 --- [restartedMain] s.w.s.m.m.a.RequestMappingHandlerAdapter : Looking for @ControllerAdvice: org.springframework.boot.context.embedded.AnnotationConfigEmbeddedWebApplicationContext@1b44226a: startup date [Thu Jun 07 13:16:14 IST 2018]; parent: org.springframework.context.annotation.AnnotationConfigApplicationContext@a448242
2018-06-07 13:16:16.729  INFO 13144 --- [restartedMain] s.w.s.m.m.a.RequestMappingHandlerMapping : Mapped "{[/rabbitMq],consumes=[application/json]}" onto public java.lang.String com.ecms.controller.RabbitMqController.welcome(com.ecms.entity.Mail) throws java.io.IOException,java.util.concurrent.TimeoutException
2018-06-07 13:16:16.729  INFO 13144 --- [restartedMain] s.w.s.m.m.a.RequestMappingHandlerMapping : Mapped "{[/error]}" onto public org.springframework.http.ResponseEntity<java.util.Map<java.lang.String, java.lang.Object>> org.springframework.boot.autoconfigure.web.BasicErrorController.error(javax.servlet.http.HttpServletRequest)
2018-06-07 13:16:16.729  INFO 13144 --- [restartedMain] s.w.s.m.m.a.RequestMappingHandlerMapping : Mapped "{[/error],produces=[text/html]}" onto public org.springframework.web.servlet.ModelAndView org.springframework.boot.autoconfigure.web.BasicErrorController.errorHtml(javax.servlet.http.HttpServletRequest,javax.servlet.http.HttpServletResponse)
2018-06-07 13:16:16.776  INFO 13144 --- [restartedMain] o.s.w.s.handler.SimpleUrlHandlerMapping  : Mapped URL path [/webjars/**] onto handler of type [class org.springframework.web.servlet.resource.ResourceHttpRequestHandler]
2018-06-07 13:16:16.776  INFO 13144 --- [restartedMain] o.s.w.s.handler.SimpleUrlHandlerMapping  : Mapped URL path [/**] onto handler of type [class org.springframework.web.servlet.resource.ResourceHttpRequestHandler]
2018-06-07 13:16:16.807  INFO 13144 --- [restartedMain] o.s.w.s.handler.SimpleUrlHandlerMapping  : Mapped URL path [/**/favicon.ico] onto handler of type [class org.springframework.web.servlet.resource.ResourceHttpRequestHandler]
2018-06-07 13:16:17.320  INFO 13144 --- [restartedMain] o.s.s.c.ThreadPoolTaskScheduler          : Initializing ExecutorService  'taskScheduler'
2018-06-07 13:16:17.391  WARN 13144 --- [restartedMain] o.s.b.d.a.OptionalLiveReloadServer       : Unable to start LiveReload server
2018-06-07 13:16:17.453  WARN 13144 --- [restartedMain] o.s.c.n.a.ArchaiusAutoConfiguration      : No spring.application.name found, defaulting to 'application'
2018-06-07 13:16:17.453  WARN 13144 --- [restartedMain] c.n.c.sources.URLConfigurationSource     : No URLs will be polled as dynamic configuration sources.
2018-06-07 13:16:17.453  INFO 13144 --- [restartedMain] c.n.c.sources.URLConfigurationSource     : To enable URLs as dynamic configuration sources, define System property archaius.configurationSource.additionalUrls or make config.properties available on classpath.
2018-06-07 13:16:17.453  WARN 13144 --- [restartedMain] c.n.c.sources.URLConfigurationSource     : No URLs will be polled as dynamic configuration sources.
2018-06-07 13:16:17.453  INFO 13144 --- [restartedMain] c.n.c.sources.URLConfigurationSource     : To enable URLs as dynamic configuration sources, define System property archaius.configurationSource.additionalUrls or make config.properties available on classpath.
2018-06-07 13:16:17.594  INFO 13144 --- [restartedMain] o.s.j.e.a.AnnotationMBeanExporter        : Registering beans for JMX exposure on startup
2018-06-07 13:16:17.594  INFO 13144 --- [restartedMain] o.s.j.e.a.AnnotationMBeanExporter        : Bean with name 'refreshScope' has been autodetected for JMX exposure
2018-06-07 13:16:17.594  INFO 13144 --- [restartedMain] o.s.j.e.a.AnnotationMBeanExporter        : Bean with name 'environmentManager' has been autodetected for JMX exposure
2018-06-07 13:16:17.594  INFO 13144 --- [restartedMain] o.s.j.e.a.AnnotationMBeanExporter        : Bean with name 'rabbitConnectionFactory' has been autodetected for JMX exposure
2018-06-07 13:16:17.594  INFO 13144 --- [restartedMain] o.s.j.e.a.AnnotationMBeanExporter        : Bean with name 'integrationMbeanExporter' has been autodetected for JMX exposure
2018-06-07 13:16:17.594  INFO 13144 --- [restartedMain] o.s.j.e.a.AnnotationMBeanExporter        : Bean with name 'configurationPropertiesRebinder' has been autodetected for JMX exposure
2018-06-07 13:16:17.594  INFO 13144 --- [restartedMain] o.s.j.e.a.AnnotationMBeanExporter        : Located managed bean 'environmentManager': registering with JMX server as MBean [org.springframework.cloud.context.environment:name=environmentManager,type=EnvironmentManager]
2018-06-07 13:16:17.609  INFO 13144 --- [restartedMain] o.s.j.e.a.AnnotationMBeanExporter        : Located managed bean 'refreshScope': registering with JMX server as MBean [org.springframework.cloud.context.scope.refresh:name=refreshScope,type=RefreshScope]
2018-06-07 13:16:17.609  INFO 13144 --- [restartedMain] o.s.j.e.a.AnnotationMBeanExporter        : Located managed bean 'integrationMbeanExporter': registering with JMX server as MBean [org.springframework.integration.monitor:name=integrationMbeanExporter,type=IntegrationMBeanExporter]
2018-06-07 13:16:17.642  INFO 13144 --- [restartedMain] o.s.j.e.a.AnnotationMBeanExporter        : Located managed bean 'configurationPropertiesRebinder': registering with JMX server as MBean [org.springframework.cloud.context.properties:name=configurationPropertiesRebinder,context=1b44226a,type=ConfigurationPropertiesRebinder]
2018-06-07 13:16:17.642  INFO 13144 --- [restartedMain] o.s.j.e.a.AnnotationMBeanExporter        : Located managed bean 'rabbitConnectionFactory': registering with JMX server as MBean [org.springframework.amqp.rabbit.connection:name=rabbitConnectionFactory,type=CachingConnectionFactory]
2018-06-07 13:16:17.658  INFO 13144 --- [restartedMain] o.s.i.monitor.IntegrationMBeanExporter   : Registering beans for JMX exposure on startup
2018-06-07 13:16:17.658  INFO 13144 --- [restartedMain] o.s.i.monitor.IntegrationMBeanExporter   : Registering MessageChannel errorChannel
2018-06-07 13:16:17.658  INFO 13144 --- [restartedMain] o.s.i.monitor.IntegrationMBeanExporter   : Located managed bean 'org.springframework.integration:type=MessageChannel,name=errorChannel': registering with JMX server as MBean [org.springframework.integration:type=MessageChannel,name=errorChannel]
2018-06-07 13:16:17.673  INFO 13144 --- [restartedMain] o.s.i.monitor.IntegrationMBeanExporter   : Registering MessageChannel nullChannel
2018-06-07 13:16:17.689  INFO 13144 --- [restartedMain] o.s.i.monitor.IntegrationMBeanExporter   : Located managed bean 'org.springframework.integration:type=MessageChannel,name=nullChannel': registering with JMX server as MBean [org.springframework.integration:type=MessageChannel,name=nullChannel]
2018-06-07 13:16:17.689  INFO 13144 --- [restartedMain] o.s.i.monitor.IntegrationMBeanExporter   : Registering MessageHandler errorLogger
2018-06-07 13:16:17.689  INFO 13144 --- [restartedMain] o.s.i.monitor.IntegrationMBeanExporter   : Located managed bean 'org.springframework.integration:type=MessageHandler,name=errorLogger,bean=internal': registering with JMX server as MBean [org.springframework.integration:type=MessageHandler,name=errorLogger,bean=internal]
2018-06-07 13:16:17.814  INFO 13144 --- [restartedMain] o.s.c.support.DefaultLifecycleProcessor  : Starting beans in phase -2147482648
2018-06-07 13:16:17.814  INFO 13144 --- [restartedMain] o.s.c.support.DefaultLifecycleProcessor  : Starting beans in phase 0
2018-06-07 13:16:17.814  INFO 13144 --- [restartedMain] o.s.i.endpoint.EventDrivenConsumer       : Adding {logging-channel-adapter:_org.springframework.integration.errorLogger} as a subscriber to the 'errorChannel' channel
2018-06-07 13:16:17.814  INFO 13144 --- [restartedMain] o.s.i.channel.PublishSubscribeChannel    : Channel 'application.errorChannel' has 1 subscriber(s).
2018-06-07 13:16:17.814  INFO 13144 --- [restartedMain] o.s.i.endpoint.EventDrivenConsumer       : started _org.springframework.integration.errorLogger
2018-06-07 13:16:17.814  INFO 13144 --- [restartedMain] o.s.c.support.DefaultLifecycleProcessor  : Starting beans in phase 2147483647
2018-06-07 13:16:17.866  INFO 13144 --- [restartedMain] s.b.c.e.t.TomcatEmbeddedServletContainer : Tomcat started on port(s): 8080 (http)
2018-06-07 13:16:17.866  INFO 13144 --- [restartedMain] c.e.MicroserviceEcmsRabbitMqApplication  : Started MicroserviceEcmsRabbitMqApplication in 4.653 seconds (JVM running for 6.239)
2018-06-07 13:16:21.898  INFO 13144 --- [Thread-2] s.c.a.AnnotationConfigApplicationContext : Closing org.springframework.context.annotation.AnnotationConfigApplicationContext@a448242: startup date [Thu Jun 07 13:16:13 IST 2018]; root of context hierarchy
2018-06-07 13:16:21.902  INFO 13144 --- [Thread-2] ationConfigEmbeddedWebApplicationContext : Closing org.springframework.boot.context.embedded.AnnotationConfigEmbeddedWebApplicationContext@1b44226a: startup date [Thu Jun 07 13:16:14 IST 2018]; parent: org.springframework.context.annotation.AnnotationConfigApplicationContext@a448242
2018-06-07 13:16:21.903  INFO 13144 --- [Thread-2] o.s.c.support.DefaultLifecycleProcessor  : Stopping beans in phase 2147483647
2018-06-07 13:16:21.903  INFO 13144 --- [Thread-2] o.s.c.support.DefaultLifecycleProcessor  : Stopping beans in phase 0
2018-06-07 13:16:21.903  INFO 13144 --- [Thread-2] o.s.i.endpoint.EventDrivenConsumer       : Removing {logging-channel-adapter:_org.springframework.integration.errorLogger} as a subscriber to the 'errorChannel' channel
2018-06-07 13:16:21.903  INFO 13144 --- [Thread-2] o.s.i.channel.PublishSubscribeChannel    : Channel 'application.errorChannel' has 0 subscriber(s).
2018-06-07 13:16:21.903  INFO 13144 --- [Thread-2] o.s.i.endpoint.EventDrivenConsumer       : stopped _org.springframework.integration.errorLogger
2018-06-07 13:16:21.903  INFO 13144 --- [Thread-2] o.s.c.support.DefaultLifecycleProcessor  : Stopping beans in phase -2147482648
2018-06-07 13:16:21.903  INFO 13144 --- [Thread-2] o.s.s.c.ThreadPoolTaskScheduler          : Shutting down ExecutorService 'taskScheduler'
2018-06-07 13:16:21.903  INFO 13144 --- [Thread-2] o.s.i.monitor.IntegrationMBeanExporter   : Unregistering JMX-exposed beans on shutdown
2018-06-07 13:16:21.903  INFO 13144 --- [Thread-2] o.s.i.monitor.IntegrationMBeanExporter   : Unregistering JMX-exposed beans
2018-06-07 13:16:21.903  INFO 13144 --- [Thread-2] o.s.i.monitor.IntegrationMBeanExporter   : Summary on shutdown: errorChannel
2018-06-07 13:16:21.903  INFO 13144 --- [Thread-2] o.s.i.monitor.IntegrationMBeanExporter   : Summary on shutdown: nullChannel
2018-06-07 13:16:21.903  INFO 13144 --- [Thread-2] o.s.i.monitor.IntegrationMBeanExporter   : Summary on shutdown: _org.springframework.integration.errorLogger.handler
2018-06-07 13:16:21.903  INFO 13144 --- [Thread-2] o.s.j.e.a.AnnotationMBeanExporter        : Unregistering JMX-exposed beans on shutdown
2018-06-07 13:16:21.903  INFO 13144 --- [Thread-2] o.s.j.e.a.AnnotationMBeanExporter        : Unregistering JMX-exposed beans
